nohup: ignoring input
[+] Sampled 15 farmers from ./data/synthetic/indian_farmers_carbon_market_250.csv

[+] Running Aggregator Model Simulation for N=15
[>] Base Params: alpha0=1.25, beta0=0.0
[>] Agg Cost Params: C_fixed=10000, C_var=300
[>] Commission Rates (DELTA): [0.   0.05 0.1  0.15 0.2  0.25 0.3  0.35 0.4  0.45 0.5 ]
[+] Precomputing characteristic values for Core checks...
[+] Precomputation done.
  -> Testing delta = 0.000...
[>] Checking Core stability...	Stable
[>] 0.0 --> Done in 4.95s
  -> Testing delta = 0.050...
[>] Checking Core stability...	Stable
[>] 0.05 --> Done in 4.87s
  -> Testing delta = 0.100...
[>] Checking Core stability...	Stable
[>] 0.1 --> Done in 4.83s
  -> Testing delta = 0.150...
[>] Checking Core stability...	Stable
[>] 0.15000000000000002 --> Done in 4.81s
  -> Testing delta = 0.200...
[>] Checking Core stability...	Stable
[>] 0.2 --> Done in 4.88s
  -> Testing delta = 0.250...
[>] Checking Core stability...	Stable
[>] 0.25 --> Done in 5.35s
  -> Testing delta = 0.300...
[>] Checking Core stability...	Stable
[>] 0.30000000000000004 --> Done in 5.45s
  -> Testing delta = 0.350...
[>] Checking Core stability...	Stable
[>] 0.35000000000000003 --> Done in 4.82s
  -> Testing delta = 0.400...
[>] Checking Core stability...	Stable
[>] 0.4 --> Done in 4.81s
  -> Testing delta = 0.450...
[>] Checking Core stability...	Stable
[>] 0.45 --> Done in 5.00s
  -> Testing delta = 0.500...
[>] Checking Core stability...	Stable
[>] 0.5 --> Done in 4.82s

[+] Simulation Results Summary:
    delta_commission  avg_farmer_payoff  ...  gini_coefficient  is_in_core
0               0.00           26075.00  ...              0.13        True
1               0.05           24771.25  ...              0.13        True
2               0.10           23467.50  ...              0.13        True
3               0.15           22163.75  ...              0.13        True
4               0.20           20860.00  ...              0.13        True
5               0.25           19556.25  ...              0.13        True
6               0.30           18252.50  ...              0.13        True
7               0.35           16948.75  ...              0.13        True
8               0.40           15645.00  ...              0.13        True
9               0.45           14341.25  ...              0.13        True
10              0.50           13037.50  ...              0.13        True

[11 rows x 7 columns]

[+] Results saved to ./logs/aggregator_model/aggregator_model_results_n15_delta.csv

[+] Generating plots in ./logs/plots/aggregator_model/...
[+] Main impact plot saved to ./logs/plots/aggregator_model/aggregator_impact_vs_delta_n15.png

[+] Done in Total time: 173.18s
