[+] Sampled 15 farmers from ./data/synthetic/indian_farmers_carbon_market_250.csv

[+] Running Aggregator (Surplus Commission) Model Simulation for N=15
    Base Params: alpha0=1.25, beta0=0.0
    Agg Cost Params: C_fixed=10000, C_var=300
    Commission Rates (DELTA): [0.   0.05 0.1  0.15 0.2  0.25 0.3  0.35 0.4  0.45 0.5 ]
[+] Precomputing characteristic values for Core checks...
[+] Precomputation done.
  -> Testing delta = 0.000...
[>] Checking Core stability...	Stable
     Done in 147.54s
  -> Testing delta = 0.050...
[>] Checking Core stability...	Stable
     Done in 137.66s
  -> Testing delta = 0.100...
[>] Checking Core stability...	Stable
     Done in 138.66s
  -> Testing delta = 0.150...
[>] Checking Core stability...	Stable
     Done in 144.95s
  -> Testing delta = 0.200...
[>] Checking Core stability...	Stable
     Done in 125.79s
  -> Testing delta = 0.250...
[>] Checking Core stability...	Stable
     Done in 145.27s
  -> Testing delta = 0.300...
[>] Checking Core stability...	Stable
     Done in 148.57s
  -> Testing delta = 0.350...
[>] Checking Core stability...	Stable
     Done in 148.29s
  -> Testing delta = 0.400...
[>] Checking Core stability...	Stable
     Done in 146.80s
  -> Testing delta = 0.450...
[>] Checking Core stability...	Stable
     Done in 126.03s
  -> Testing delta = 0.500...
[>] Checking Core stability...	Stable
     Done in 116.12s

[+] Simulation Results Summary (Surplus Commission Model):
    delta_commission  avg_farmer_payoff  ...  gini_coefficient  is_in_core
0               0.00           26075.00  ...              0.13        True
1               0.05           25852.92  ...              0.13        True
2               0.10           25630.83  ...              0.13        True
3               0.15           25408.75  ...              0.13        True
4               0.20           25186.67  ...              0.13        True
5               0.25           24964.58  ...              0.13        True
6               0.30           24742.50  ...              0.13        True
7               0.35           24520.42  ...              0.13        True
8               0.40           24298.33  ...              0.13        True
9               0.45           24076.25  ...              0.13        True
10              0.50           23854.17  ...              0.13        True

[11 rows x 8 columns]

[+] Results saved to ./logs/aggregator_surplus_model/aggregator_surplus_model_results_n15_delta.csv

[+] Generating plots in ./logs/plots/aggregator_surplus_model/...
[+] Main impact plot saved to ./logs/plots/aggregator_surplus_model/aggregator_impact_vs_delta_n15.png

[+] Aggregator (Surplus Commission) model analysis complete. Total time: 1772.42s
