[+] Sampled 12 farmers from ./data/synthetic/indian_farmers_carbon_market_250.csv

[+] Running Aggregator (Surplus Commission) Model Simulation for N=12
    Base Params: alpha0=1.25, beta0=0.0
    Agg Cost Params: C_fixed=10000, C_var=1500
    Commission Rates (DELTA): [0.   0.05 0.1  0.15 0.2  0.25 0.3  0.35 0.4  0.45 0.5  0.55 0.6  0.65
 0.7  0.75 0.8  0.85 0.9  0.95 1.  ]
[+] Precomputing characteristic values for Core checks...
[+] Precomputation done.
  -> Testing delta = 0.000...
[>] Checking Core stability...	Stable
     Done in 75.08s
  -> Testing delta = 0.050...
[>] Checking Core stability...	Stable
     Done in 74.70s
  -> Testing delta = 0.100...
[>] Checking Core stability...	Stable
     Done in 83.96s
  -> Testing delta = 0.150...
[>] Checking Core stability...	Stable
     Done in 82.05s
  -> Testing delta = 0.200...
[>] Checking Core stability...	Stable
     Done in 83.12s
  -> Testing delta = 0.250...
[>] Checking Core stability...	Stable
     Done in 81.78s
  -> Testing delta = 0.300...
[>] Checking Core stability...	Stable
     Done in 84.35s
  -> Testing delta = 0.350...
[>] Checking Core stability...	Stable
     Done in 705.32s
  -> Testing delta = 0.400...
[>] Checking Core stability...	Stable
     Done in 8105.92s
  -> Testing delta = 0.450...
[>] Checking Core stability...	Stable
     Done in 86.65s
  -> Testing delta = 0.500...
[>] Checking Core stability...	Stable
     Done in 88.28s
  -> Testing delta = 0.550...
[>] Checking Core stability...	Stable
     Done in 87.25s
  -> Testing delta = 0.600...
[>] Checking Core stability...	Stable
     Done in 79.34s
  -> Testing delta = 0.650...
[>] Checking Core stability...	Stable
     Done in 55.49s
  -> Testing delta = 0.700...
[>] Checking Core stability...	Stable
     Done in 49.81s
  -> Testing delta = 0.750...
[>] Checking Core stability...	Unstable
     Done in 52.35s
  -> Testing delta = 0.800...
[>] Checking Core stability...	Unstable
     Done in 51.96s
  -> Testing delta = 0.850...
[>] Checking Core stability...	Unstable
     Done in 51.23s
  -> Testing delta = 0.900...
[>] Checking Core stability...	Unstable
     Done in 53.16s
  -> Testing delta = 0.950...
[>] Checking Core stability...	Unstable
     Done in 48.93s
  -> Testing delta = 1.000...
[>] Checking Core stability...	Unstable
     Done in 50.33s

[+] Simulation Results Summary (Surplus Commission Model):
    delta_commission  avg_farmer_payoff  ...  gini_coefficient  is_in_core
0               0.00           25614.58  ...              0.13        True
1               0.05           25451.77  ...              0.13        True
2               0.10           25288.96  ...              0.13        True
3               0.15           25126.15  ...              0.13        True
4               0.20           24963.33  ...              0.13        True
5               0.25           24800.52  ...              0.13        True
6               0.30           24637.71  ...              0.13        True
7               0.35           24474.90  ...              0.13        True
8               0.40           24312.08  ...              0.13        True
9               0.45           24149.27  ...              0.13        True
10              0.50           23986.46  ...              0.13        True
11              0.55           23823.65  ...              0.13        True
12              0.60           23660.83  ...              0.13        True
13              0.65           23498.02  ...              0.13        True
14              0.70           23335.21  ...              0.13        True
15              0.75           23172.40  ...              0.13       False
16              0.80           23009.58  ...              0.13       False
17              0.85           22846.77  ...              0.13       False
18              0.90           22683.96  ...              0.13       False
19              0.95           22521.15  ...              0.13       False
20              1.00           22358.33  ...              0.13       False

[21 rows x 8 columns]

[+] Results saved to ./logs/aggregator_surplus_model/aggregator_surplus_model_results_n12_delta.csv

[+] Generating plots in ./logs/plots/aggregator_surplus_model/...
[+] Main impact plot saved to ./logs/plots/aggregator_surplus_model/aggregator_impact_vs_delta_n12.png

[+] Aggregator (Surplus Commission) model analysis complete. Total time: 10177.35s
